<?xml version="1.0" encoding="UTF-8"?>
<!-- Generated by org.testng.reporters.JUnitReportReporter -->
<testsuite hostname="Nancy" failures="0" tests="2" name="test.LoginTest" time="14.676" errors="0" timestamp="2023-12-27T14:12:14 CST" skipped="0">
  <testcase classname="test.LoginTest" name="validUserShouldBeAbleToLogin" time="12.004"/>
  <system-out/>
  <testcase classname="test.LoginTest" name="validateLoginAlertMsg" time="2.672"/>
  <system-out/>
</testsuite> <!-- test.LoginTest -->
