<?xml version="1.0" encoding="UTF-8"?>
<!-- Generated by org.testng.reporters.JUnitReportReporter -->
<testsuite hostname="Nancy" failures="0" tests="1" name="test.AddCustomerTest" time="103.895" errors="0" timestamp="2023-12-27T14:12:14 CST" skipped="0">
  <testcase classname="test.AddCustomerTest" name="userShouldBeAbleToAddCustomer" time="103.895"/>
  <system-out/>
</testsuite> <!-- test.AddCustomerTest -->
